c:\development\sandbox\2015\farve2015solution\farve2015.core\debug\farve2015.core.pdb
c:\development\sandbox\2015\farve2015solution\farve2015.core\debug\farve2015.core.idb
c:\development\sandbox\2015\farve2015solution\farve2015.core\debug\column.obj
c:\development\sandbox\2015\farve2015solution\farve2015.core\debug\computeissignallingimplfuncs.obj
c:\development\sandbox\2015\farve2015solution\farve2015.core\debug\delegate.obj
c:\development\sandbox\2015\farve2015solution\farve2015.core\debug\dynamicallocationmanager.obj
c:\development\sandbox\2015\farve2015solution\farve2015.core\debug\ganglion.obj
c:\development\sandbox\2015\farve2015solution\farve2015.core\debug\ioblock.obj
c:\development\sandbox\2015\farve2015solution\farve2015.core\debug\iolayer.obj
c:\development\sandbox\2015\farve2015solution\farve2015.core\debug\issignallingchangedimplfuncs.obj
c:\development\sandbox\2015\farve2015solution\farve2015.core\debug\link.obj
c:\development\sandbox\2015\farve2015solution\farve2015.core\debug\node.obj
c:\development\sandbox\2015\farve2015solution\farve2015.core\debug\recruitimplfuncs.obj
c:\development\sandbox\2015\farve2015solution\farve2015.core\debug\signallingentitybase.obj
c:\development\sandbox\2015\farve2015solution\farve2015.core\debug\synapse.obj
c:\development\sandbox\2015\farve2015solution\farve2015.core\debug\system.obj
c:\development\sandbox\2015\farve2015solution\farve2015.core\debug\variable.obj
c:\development\sandbox\2015\farve2015solution\farve2015.core\debug\variablebag.obj
c:\development\sandbox\2015\farve2015solution\farve2015.core\debug\variablebagmanager.obj
c:\development\sandbox\2015\farve2015solution\libs\farve2015.core.lib
c:\development\sandbox\2015\farve2015solution\libs\farve2015.core.pdb
c:\development\sandbox\2015\farve2015solution\farve2015.core\debug\farve2015.core.tlog\cl.command.1.tlog
c:\development\sandbox\2015\farve2015solution\farve2015.core\debug\farve2015.core.tlog\cl.read.1.tlog
c:\development\sandbox\2015\farve2015solution\farve2015.core\debug\farve2015.core.tlog\cl.write.1.tlog
c:\development\sandbox\2015\farve2015solution\farve2015.core\debug\farve2015.core.tlog\lib-link.read.1.tlog
c:\development\sandbox\2015\farve2015solution\farve2015.core\debug\farve2015.core.tlog\lib-link.write.1.tlog
c:\development\sandbox\2015\farve2015solution\farve2015.core\debug\farve2015.core.tlog\lib.command.1.tlog
